c:\users\yu\desktop\cs\interviewq\classdesign\classdesign\debug\vc141.pdb
c:\users\yu\desktop\cs\interviewq\classdesign\classdesign\debug\vc141.idb
c:\users\yu\desktop\cs\interviewq\classdesign\classdesign\debug\source.obj
c:\users\yu\desktop\cs\interviewq\classdesign\classdesign\debug\vehicle.obj
c:\users\yu\desktop\cs\interviewq\classdesign\debug\classdesign.ilk
c:\users\yu\desktop\cs\interviewq\classdesign\debug\classdesign.exe
c:\users\yu\desktop\cs\interviewq\classdesign\debug\classdesign.pdb
c:\users\yu\desktop\school\cs\interviewq\classdesign\classdesign\debug\source.obj
c:\users\yu\desktop\school\cs\interviewq\classdesign\classdesign\debug\vehicle.obj
c:\users\yu\desktop\school\cs\interviewq\classdesign\classdesign\debug\vc141.idb
c:\users\yu\desktop\school\cs\interviewq\classdesign\classdesign\debug\vc141.pdb
c:\users\yu\desktop\school\cs\interviewq\classdesign\debug\classdesign.pdb
c:\users\yu\desktop\school\cs\interviewq\classdesign\debug\classdesign.exe
c:\users\yu\desktop\school\cs\interviewq\classdesign\debug\classdesign.ilk
c:\users\yu\desktop\school\cs\interviewq\classdesign\classdesign\debug\classdesign.tlog\cl.command.1.tlog
c:\users\yu\desktop\school\cs\interviewq\classdesign\classdesign\debug\classdesign.tlog\cl.read.1.tlog
c:\users\yu\desktop\school\cs\interviewq\classdesign\classdesign\debug\classdesign.tlog\cl.write.1.tlog
c:\users\yu\desktop\school\cs\interviewq\classdesign\classdesign\debug\classdesign.tlog\link.command.1.tlog
c:\users\yu\desktop\school\cs\interviewq\classdesign\classdesign\debug\classdesign.tlog\link.read.1.tlog
c:\users\yu\desktop\school\cs\interviewq\classdesign\classdesign\debug\classdesign.tlog\link.write.1.tlog
